2018-10-28 10:23:20.120 [main] DEBUG main.java.fr.mickael.controller.MainController - Main controller constructor 'initialisation'.
2018-10-28 10:23:20.137 [main] DEBUG main.java.fr.mickael.views.contracts.Launcher - Method getInput() of the class Launcher
2018-10-28 10:23:26.181 [main] DEBUG main.java.fr.mickael.views.contracts.DifficultyChoice - run method display ()
2018-10-28 10:23:26.182 [main] DEBUG main.java.fr.mickael.views.contracts.DifficultyChoice - run method getInput()
2018-10-28 10:23:27.140 [main] INFO  main.java.fr.mickael.business.GameFactory - Create an instance of More or Less with a human attacker and computer defender
2018-10-28 10:23:27.141 [main] DEBUG main.java.fr.mickael.business.MoreOrLess - running play() of the MoreOrLess game.
2018-10-28 10:23:27.141 [main] INFO  main.java.fr.mickael.business.MoreOrLess - variables initializing
2018-10-28 10:23:27.142 [main] DEBUG main.java.fr.mickael.model.Computer - running generateSecreteCode(). Return an int[] generate by the private method getSecretCode().
2018-10-28 10:23:27.142 [main] INFO  main.java.fr.mickael.business.MoreOrLess - The secret code is [2, 3, 3, 3]
2018-10-28 10:23:28.378 [main] DEBUG main.java.fr.mickael.business.MoreOrLess - run method compareCode().
Parameters : int[] guessCode = [1, 2, 3, 4]
int[] secretCode = [2, 3, 3, 3]
2018-10-28 10:23:33.554 [main] DEBUG main.java.fr.mickael.business.MoreOrLess - run method compareCode().
Parameters : int[] guessCode = [5, 4, 3, 0]
int[] secretCode = [2, 3, 3, 3]
2018-10-28 10:23:37.869 [main] DEBUG main.java.fr.mickael.business.MoreOrLess - run method compareCode().
Parameters : int[] guessCode = [4, 3, 3, 2]
int[] secretCode = [2, 3, 3, 3]
2018-10-28 10:23:46.269 [main] DEBUG main.java.fr.mickael.business.MoreOrLess - run method compareCode().
Parameters : int[] guessCode = [3, 3, 3, 3]
int[] secretCode = [2, 3, 3, 3]
2018-10-28 10:23:50.011 [main] DEBUG main.java.fr.mickael.business.MoreOrLess - run method compareCode().
Parameters : int[] guessCode = [2, 3, 3, 3]
int[] secretCode = [2, 3, 3, 3]
